{"/mnt/c/Users/binht/CSC 307/CrashLab-2D-Simulation/Collision-Simulator/packages/react-frontend/src/LoginPage/ForgotPasswordForm.jsx": {"path":"/mnt/c/Users/binht/CSC 307/CrashLab-2D-Simulation/Collision-Simulator/packages/react-frontend/src/LoginPage/ForgotPasswordForm.jsx","statementMap":{"0":{"start":{"line":6,"column":27},"end":{"line":74,"column":1}},"1":{"start":{"line":7,"column":34},"end":{"line":7,"column":46}},"2":{"start":{"line":8,"column":19},"end":{"line":8,"column":32}},"3":{"start":{"line":10,"column":23},"end":{"line":32,"column":3}},"4":{"start":{"line":11,"column":4},"end":{"line":11,"column":23}},"5":{"start":{"line":12,"column":4},"end":{"line":31,"column":5}},"6":{"start":{"line":13,"column":18},"end":{"line":18,"column":8}},"7":{"start":{"line":20,"column":19},"end":{"line":20,"column":35}},"8":{"start":{"line":22,"column":6},"end":{"line":27,"column":7}},"9":{"start":{"line":23,"column":8},"end":{"line":23,"column":55}},"10":{"start":{"line":24,"column":8},"end":{"line":24,"column":22}},"11":{"start":{"line":26,"column":8},"end":{"line":26,"column":28}},"12":{"start":{"line":29,"column":6},"end":{"line":29,"column":58}},"13":{"start":{"line":30,"column":6},"end":{"line":30,"column":43}},"14":{"start":{"line":34,"column":2},"end":{"line":73,"column":4}},"15":{"start":{"line":56,"column":31},"end":{"line":56,"column":58}},"16":{"start":{"line":67,"column":32},"end":{"line":67,"column":45}}},"fnMap":{"0":{"name":"(anonymous_0)","decl":{"start":{"line":6,"column":27},"end":{"line":6,"column":28}},"loc":{"start":{"line":6,"column":33},"end":{"line":74,"column":1}},"line":6},"1":{"name":"(anonymous_1)","decl":{"start":{"line":10,"column":23},"end":{"line":10,"column":24}},"loc":{"start":{"line":10,"column":36},"end":{"line":32,"column":3}},"line":10},"2":{"name":"(anonymous_2)","decl":{"start":{"line":56,"column":24},"end":{"line":56,"column":25}},"loc":{"start":{"line":56,"column":31},"end":{"line":56,"column":58}},"line":56},"3":{"name":"(anonymous_3)","decl":{"start":{"line":67,"column":26},"end":{"line":67,"column":27}},"loc":{"start":{"line":67,"column":32},"end":{"line":67,"column":45}},"line":67}},"branchMap":{"0":{"loc":{"start":{"line":22,"column":6},"end":{"line":27,"column":7}},"type":"if","locations":[{"start":{"line":22,"column":6},"end":{"line":27,"column":7}},{"start":{"line":25,"column":13},"end":{"line":27,"column":7}}],"line":22}},"s":{"0":1,"1":7,"2":7,"3":7,"4":3,"5":3,"6":3,"7":2,"8":2,"9":1,"10":1,"11":1,"12":1,"13":1,"14":7,"15":3,"16":0},"f":{"0":7,"1":3,"2":3,"3":0},"b":{"0":[1,1]},"_coverageSchema":"1a1c01bbd47fc00a2c39e90264f33305004495a9","hash":"0da7be1f8c98de810b3c6aa144331ad6a833c436"}
,"/mnt/c/Users/binht/CSC 307/CrashLab-2D-Simulation/Collision-Simulator/packages/react-frontend/src/LoginPage/LoginForm.jsx": {"path":"/mnt/c/Users/binht/CSC 307/CrashLab-2D-Simulation/Collision-Simulator/packages/react-frontend/src/LoginPage/LoginForm.jsx","statementMap":{"0":{"start":{"line":7,"column":18},"end":{"line":108,"column":1}},"1":{"start":{"line":9,"column":19},"end":{"line":9,"column":32}},"2":{"start":{"line":10,"column":34},"end":{"line":10,"column":46}},"3":{"start":{"line":11,"column":34},"end":{"line":11,"column":46}},"4":{"start":{"line":14,"column":23},"end":{"line":16,"column":3}},"5":{"start":{"line":19,"column":25},"end":{"line":20,"column":74}},"6":{"start":{"line":20,"column":4},"end":{"line":20,"column":74}},"7":{"start":{"line":22,"column":23},"end":{"line":22,"column":49}},"8":{"start":{"line":24,"column":23},"end":{"line":68,"column":3}},"9":{"start":{"line":25,"column":4},"end":{"line":25,"column":23}},"10":{"start":{"line":27,"column":4},"end":{"line":67,"column":5}},"11":{"start":{"line":28,"column":23},"end":{"line":40,"column":7}},"12":{"start":{"line":43,"column":19},"end":{"line":43,"column":40}},"13":{"start":{"line":46,"column":6},"end":{"line":63,"column":7}},"14":{"start":{"line":48,"column":8},"end":{"line":48,"column":29}},"15":{"start":{"line":50,"column":8},"end":{"line":58,"column":9}},"16":{"start":{"line":52,"column":10},"end":{"line":52,"column":52}},"17":{"start":{"line":53,"column":10},"end":{"line":53,"column":54}},"18":{"start":{"line":56,"column":10},"end":{"line":56,"column":54}},"19":{"start":{"line":57,"column":10},"end":{"line":57,"column":43}},"20":{"start":{"line":59,"column":8},"end":{"line":59,"column":28}},"21":{"start":{"line":60,"column":8},"end":{"line":60,"column":59}},"22":{"start":{"line":62,"column":8},"end":{"line":62,"column":46}},"23":{"start":{"line":65,"column":6},"end":{"line":65,"column":37}},"24":{"start":{"line":66,"column":6},"end":{"line":66,"column":50}},"25":{"start":{"line":70,"column":2},"end":{"line":107,"column":4}},"26":{"start":{"line":82,"column":29},"end":{"line":82,"column":56}},"27":{"start":{"line":92,"column":29},"end":{"line":92,"column":56}},"28":{"start":{"line":101,"column":30},"end":{"line":101,"column":49}},"29":{"start":{"line":102,"column":30},"end":{"line":102,"column":53}}},"fnMap":{"0":{"name":"(anonymous_0)","decl":{"start":{"line":7,"column":18},"end":{"line":7,"column":19}},"loc":{"start":{"line":7,"column":24},"end":{"line":108,"column":1}},"line":7},"1":{"name":"(anonymous_1)","decl":{"start":{"line":19,"column":25},"end":{"line":19,"column":26}},"loc":{"start":{"line":20,"column":4},"end":{"line":20,"column":74}},"line":20},"2":{"name":"(anonymous_2)","decl":{"start":{"line":24,"column":23},"end":{"line":24,"column":24}},"loc":{"start":{"line":24,"column":36},"end":{"line":68,"column":3}},"line":24},"3":{"name":"(anonymous_3)","decl":{"start":{"line":82,"column":22},"end":{"line":82,"column":23}},"loc":{"start":{"line":82,"column":29},"end":{"line":82,"column":56}},"line":82},"4":{"name":"(anonymous_4)","decl":{"start":{"line":92,"column":22},"end":{"line":92,"column":23}},"loc":{"start":{"line":92,"column":29},"end":{"line":92,"column":56}},"line":92},"5":{"name":"(anonymous_5)","decl":{"start":{"line":101,"column":24},"end":{"line":101,"column":25}},"loc":{"start":{"line":101,"column":30},"end":{"line":101,"column":49}},"line":101},"6":{"name":"(anonymous_6)","decl":{"start":{"line":102,"column":24},"end":{"line":102,"column":25}},"loc":{"start":{"line":102,"column":30},"end":{"line":102,"column":53}},"line":102}},"branchMap":{"0":{"loc":{"start":{"line":20,"column":4},"end":{"line":20,"column":74}},"type":"binary-expr","locations":[{"start":{"line":20,"column":4},"end":{"line":20,"column":33}},{"start":{"line":20,"column":37},"end":{"line":20,"column":68}},{"start":{"line":20,"column":72},"end":{"line":20,"column":74}}],"line":20},"1":{"loc":{"start":{"line":46,"column":6},"end":{"line":63,"column":7}},"type":"if","locations":[{"start":{"line":46,"column":6},"end":{"line":63,"column":7}},{"start":{"line":61,"column":13},"end":{"line":63,"column":7}}],"line":46},"2":{"loc":{"start":{"line":50,"column":8},"end":{"line":58,"column":9}},"type":"if","locations":[{"start":{"line":50,"column":8},"end":{"line":58,"column":9}},{"start":{"line":54,"column":15},"end":{"line":58,"column":9}}],"line":50},"3":{"loc":{"start":{"line":62,"column":14},"end":{"line":62,"column":44}},"type":"binary-expr","locations":[{"start":{"line":62,"column":14},"end":{"line":62,"column":26}},{"start":{"line":62,"column":30},"end":{"line":62,"column":44}}],"line":62}},"s":{"0":1,"1":13,"2":13,"3":13,"4":13,"5":13,"6":13,"7":13,"8":13,"9":3,"10":3,"11":3,"12":2,"13":2,"14":1,"15":1,"16":0,"17":0,"18":1,"19":1,"20":1,"21":1,"22":1,"23":1,"24":1,"25":13,"26":3,"27":3,"28":1,"29":1},"f":{"0":13,"1":13,"2":3,"3":3,"4":3,"5":1,"6":1},"b":{"0":[13,13,12],"1":[1,1],"2":[0,1],"3":[1,0]},"_coverageSchema":"1a1c01bbd47fc00a2c39e90264f33305004495a9","hash":"c0dcb276b311b3cdca950cee28e749d25ab887e7"}
,"/mnt/c/Users/binht/CSC 307/CrashLab-2D-Simulation/Collision-Simulator/packages/react-frontend/src/LoginPage/ResetPasswordPage.jsx": {"path":"/mnt/c/Users/binht/CSC 307/CrashLab-2D-Simulation/Collision-Simulator/packages/react-frontend/src/LoginPage/ResetPasswordPage.jsx","statementMap":{"0":{"start":{"line":7,"column":26},"end":{"line":73,"column":1}},"1":{"start":{"line":8,"column":21},"end":{"line":8,"column":34}},"2":{"start":{"line":9,"column":36},"end":{"line":9,"column":48}},"3":{"start":{"line":10,"column":34},"end":{"line":10,"column":46}},"4":{"start":{"line":13,"column":18},"end":{"line":13,"column":74}},"5":{"start":{"line":15,"column":4},"end":{"line":15,"column":39}},"6":{"start":{"line":17,"column":25},"end":{"line":47,"column":5}},"7":{"start":{"line":18,"column":8},"end":{"line":18,"column":27}},"8":{"start":{"line":21,"column":8},"end":{"line":24,"column":9}},"9":{"start":{"line":22,"column":12},"end":{"line":22,"column":45}},"10":{"start":{"line":23,"column":12},"end":{"line":23,"column":19}},"11":{"start":{"line":27,"column":8},"end":{"line":46,"column":9}},"12":{"start":{"line":28,"column":24},"end":{"line":34,"column":9}},"13":{"start":{"line":36,"column":21},"end":{"line":36,"column":37}},"14":{"start":{"line":38,"column":8},"end":{"line":43,"column":9}},"15":{"start":{"line":39,"column":12},"end":{"line":39,"column":50}},"16":{"start":{"line":40,"column":12},"end":{"line":40,"column":26}},"17":{"start":{"line":42,"column":12},"end":{"line":42,"column":32}},"18":{"start":{"line":45,"column":12},"end":{"line":45,"column":34}},"19":{"start":{"line":49,"column":4},"end":{"line":72,"column":6}},"20":{"start":{"line":58,"column":33},"end":{"line":58,"column":60}},"21":{"start":{"line":65,"column":33},"end":{"line":65,"column":59}}},"fnMap":{"0":{"name":"(anonymous_0)","decl":{"start":{"line":7,"column":26},"end":{"line":7,"column":27}},"loc":{"start":{"line":7,"column":32},"end":{"line":73,"column":1}},"line":7},"1":{"name":"(anonymous_1)","decl":{"start":{"line":17,"column":25},"end":{"line":17,"column":26}},"loc":{"start":{"line":17,"column":38},"end":{"line":47,"column":5}},"line":17},"2":{"name":"(anonymous_2)","decl":{"start":{"line":58,"column":26},"end":{"line":58,"column":27}},"loc":{"start":{"line":58,"column":33},"end":{"line":58,"column":60}},"line":58},"3":{"name":"(anonymous_3)","decl":{"start":{"line":65,"column":26},"end":{"line":65,"column":27}},"loc":{"start":{"line":65,"column":33},"end":{"line":65,"column":59}},"line":65}},"branchMap":{"0":{"loc":{"start":{"line":21,"column":8},"end":{"line":24,"column":9}},"type":"if","locations":[{"start":{"line":21,"column":8},"end":{"line":24,"column":9}},{"start":{},"end":{}}],"line":21},"1":{"loc":{"start":{"line":38,"column":8},"end":{"line":43,"column":9}},"type":"if","locations":[{"start":{"line":38,"column":8},"end":{"line":43,"column":9}},{"start":{"line":41,"column":15},"end":{"line":43,"column":9}}],"line":38}},"s":{"0":1,"1":13,"2":13,"3":13,"4":13,"5":13,"6":13,"7":4,"8":4,"9":1,"10":1,"11":3,"12":3,"13":2,"14":2,"15":1,"16":1,"17":1,"18":1,"19":13,"20":4,"21":4},"f":{"0":13,"1":4,"2":4,"3":4},"b":{"0":[1,3],"1":[1,1]},"_coverageSchema":"1a1c01bbd47fc00a2c39e90264f33305004495a9","hash":"6fb68fe3f6defa6543ef6e6ef667ab45d35262d8"}
,"/mnt/c/Users/binht/CSC 307/CrashLab-2D-Simulation/Collision-Simulator/packages/react-frontend/src/LoginPage/SignUpForm.jsx": {"path":"/mnt/c/Users/binht/CSC 307/CrashLab-2D-Simulation/Collision-Simulator/packages/react-frontend/src/LoginPage/SignUpForm.jsx","statementMap":{"0":{"start":{"line":7,"column":19},"end":{"line":99,"column":1}},"1":{"start":{"line":8,"column":34},"end":{"line":8,"column":46}},"2":{"start":{"line":9,"column":34},"end":{"line":9,"column":46}},"3":{"start":{"line":10,"column":48},"end":{"line":10,"column":60}},"4":{"start":{"line":11,"column":19},"end":{"line":11,"column":32}},"5":{"start":{"line":13,"column":23},"end":{"line":47,"column":3}},"6":{"start":{"line":14,"column":4},"end":{"line":14,"column":23}},"7":{"start":{"line":16,"column":4},"end":{"line":19,"column":5}},"8":{"start":{"line":17,"column":6},"end":{"line":17,"column":39}},"9":{"start":{"line":18,"column":6},"end":{"line":18,"column":13}},"10":{"start":{"line":21,"column":20},"end":{"line":21,"column":57}},"11":{"start":{"line":23,"column":4},"end":{"line":46,"column":5}},"12":{"start":{"line":25,"column":18},"end":{"line":31,"column":8}},"13":{"start":{"line":33,"column":6},"end":{"line":33,"column":23}},"14":{"start":{"line":35,"column":6},"end":{"line":42,"column":7}},"15":{"start":{"line":36,"column":8},"end":{"line":36,"column":47}},"16":{"start":{"line":37,"column":8},"end":{"line":37,"column":22}},"17":{"start":{"line":38,"column":13},"end":{"line":42,"column":7}},"18":{"start":{"line":39,"column":8},"end":{"line":39,"column":42}},"19":{"start":{"line":41,"column":8},"end":{"line":41,"column":83}},"20":{"start":{"line":44,"column":6},"end":{"line":44,"column":44}},"21":{"start":{"line":45,"column":6},"end":{"line":45,"column":43}},"22":{"start":{"line":49,"column":2},"end":{"line":98,"column":4}},"23":{"start":{"line":60,"column":29},"end":{"line":60,"column":56}},"24":{"start":{"line":71,"column":29},"end":{"line":71,"column":56}},"25":{"start":{"line":82,"column":29},"end":{"line":82,"column":63}},"26":{"start":{"line":93,"column":55},"end":{"line":93,"column":68}}},"fnMap":{"0":{"name":"(anonymous_0)","decl":{"start":{"line":7,"column":19},"end":{"line":7,"column":20}},"loc":{"start":{"line":7,"column":25},"end":{"line":99,"column":1}},"line":7},"1":{"name":"(anonymous_1)","decl":{"start":{"line":13,"column":23},"end":{"line":13,"column":24}},"loc":{"start":{"line":13,"column":36},"end":{"line":47,"column":3}},"line":13},"2":{"name":"(anonymous_2)","decl":{"start":{"line":60,"column":22},"end":{"line":60,"column":23}},"loc":{"start":{"line":60,"column":29},"end":{"line":60,"column":56}},"line":60},"3":{"name":"(anonymous_3)","decl":{"start":{"line":71,"column":22},"end":{"line":71,"column":23}},"loc":{"start":{"line":71,"column":29},"end":{"line":71,"column":56}},"line":71},"4":{"name":"(anonymous_4)","decl":{"start":{"line":82,"column":22},"end":{"line":82,"column":23}},"loc":{"start":{"line":82,"column":29},"end":{"line":82,"column":63}},"line":82},"5":{"name":"(anonymous_5)","decl":{"start":{"line":93,"column":49},"end":{"line":93,"column":50}},"loc":{"start":{"line":93,"column":55},"end":{"line":93,"column":68}},"line":93}},"branchMap":{"0":{"loc":{"start":{"line":16,"column":4},"end":{"line":19,"column":5}},"type":"if","locations":[{"start":{"line":16,"column":4},"end":{"line":19,"column":5}},{"start":{},"end":{}}],"line":16},"1":{"loc":{"start":{"line":35,"column":6},"end":{"line":42,"column":7}},"type":"if","locations":[{"start":{"line":35,"column":6},"end":{"line":42,"column":7}},{"start":{"line":38,"column":13},"end":{"line":42,"column":7}}],"line":35},"2":{"loc":{"start":{"line":38,"column":13},"end":{"line":42,"column":7}},"type":"if","locations":[{"start":{"line":38,"column":13},"end":{"line":42,"column":7}},{"start":{"line":40,"column":13},"end":{"line":42,"column":7}}],"line":38}},"s":{"0":1,"1":22,"2":22,"3":22,"4":22,"5":22,"6":5,"7":5,"8":1,"9":1,"10":4,"11":4,"12":4,"13":3,"14":3,"15":1,"16":1,"17":2,"18":1,"19":1,"20":1,"21":1,"22":22,"23":5,"24":5,"25":5,"26":1},"f":{"0":22,"1":5,"2":5,"3":5,"4":5,"5":1},"b":{"0":[1,4],"1":[1,2],"2":[1,1]},"_coverageSchema":"1a1c01bbd47fc00a2c39e90264f33305004495a9","hash":"c1445dff34547175a0d67ebb6c49ea44e224cf4d"}
,"/mnt/c/Users/binht/CSC 307/CrashLab-2D-Simulation/Collision-Simulator/packages/react-frontend/src/simulator/physics.ts": {"path":"/mnt/c/Users/binht/CSC 307/CrashLab-2D-Simulation/Collision-Simulator/packages/react-frontend/src/simulator/physics.ts","statementMap":{"0":{"start":{"line":36,"column":0},"end":{"line":36,"column":16}},"1":{"start":{"line":89,"column":0},"end":{"line":89,"column":16}},"2":{"start":{"line":90,"column":0},"end":{"line":90,"column":16}},"3":{"start":{"line":91,"column":0},"end":{"line":91,"column":16}},"4":{"start":{"line":93,"column":0},"end":{"line":93,"column":16}},"5":{"start":{"line":15,"column":12},"end":{"line":15,"column":29}},"6":{"start":{"line":16,"column":15},"end":{"line":16,"column":20}},"7":{"start":{"line":17,"column":17},"end":{"line":17,"column":21}},"8":{"start":{"line":18,"column":17},"end":{"line":18,"column":52}},"9":{"start":{"line":19,"column":2},"end":{"line":19,"column":46}},"10":{"start":{"line":24,"column":2},"end":{"line":24,"column":51}},"11":{"start":{"line":28,"column":2},"end":{"line":28,"column":32}},"12":{"start":{"line":28,"column":23},"end":{"line":28,"column":32}},"13":{"start":{"line":29,"column":13},"end":{"line":29,"column":67}},"14":{"start":{"line":30,"column":2},"end":{"line":30,"column":28}},"15":{"start":{"line":30,"column":19},"end":{"line":30,"column":28}},"16":{"start":{"line":31,"column":15},"end":{"line":31,"column":38}},"17":{"start":{"line":32,"column":12},"end":{"line":32,"column":59}},"18":{"start":{"line":33,"column":2},"end":{"line":33,"column":34}},"19":{"start":{"line":51,"column":51},"end":{"line":53,"column":4}},"20":{"start":{"line":54,"column":12},"end":{"line":54,"column":36}},"21":{"start":{"line":55,"column":2},"end":{"line":57,"column":42}},"22":{"start":{"line":55,"column":29},"end":{"line":55,"column":41}},"23":{"start":{"line":56,"column":7},"end":{"line":57,"column":42}},"24":{"start":{"line":56,"column":34},"end":{"line":56,"column":74}},"25":{"start":{"line":57,"column":7},"end":{"line":57,"column":42}},"26":{"start":{"line":57,"column":30},"end":{"line":57,"column":42}},"27":{"start":{"line":60,"column":52},"end":{"line":62,"column":4}},"28":{"start":{"line":63,"column":12},"end":{"line":63,"column":68}},"29":{"start":{"line":64,"column":2},"end":{"line":64,"column":41}},"30":{"start":{"line":64,"column":29},"end":{"line":64,"column":41}},"31":{"start":{"line":66,"column":23},"end":{"line":66,"column":60}},"32":{"start":{"line":69,"column":14},"end":{"line":69,"column":46}},"33":{"start":{"line":71,"column":2},"end":{"line":85,"column":4}},"34":{"start":{"line":89,"column":53},"end":{"line":89,"column":88}},"35":{"start":{"line":90,"column":35},"end":{"line":90,"column":48}},"36":{"start":{"line":91,"column":35},"end":{"line":91,"column":55}},"37":{"start":{"line":96,"column":12},"end":{"line":96,"column":16}},"38":{"start":{"line":98,"column":17},"end":{"line":98,"column":63}},"39":{"start":{"line":99,"column":17},"end":{"line":99,"column":55}},"40":{"start":{"line":100,"column":17},"end":{"line":100,"column":54}},"41":{"start":{"line":101,"column":17},"end":{"line":101,"column":55}},"42":{"start":{"line":102,"column":17},"end":{"line":102,"column":55}},"43":{"start":{"line":103,"column":17},"end":{"line":103,"column":54}},"44":{"start":{"line":104,"column":17},"end":{"line":104,"column":71}},"45":{"start":{"line":105,"column":17},"end":{"line":105,"column":68}},"46":{"start":{"line":106,"column":17},"end":{"line":106,"column":67}},"47":{"start":{"line":108,"column":25},"end":{"line":108,"column":77}},"48":{"start":{"line":109,"column":25},"end":{"line":109,"column":77}},"49":{"start":{"line":110,"column":25},"end":{"line":110,"column":86}},"50":{"start":{"line":111,"column":25},"end":{"line":111,"column":79}},"51":{"start":{"line":114,"column":14},"end":{"line":114,"column":60}},"52":{"start":{"line":115,"column":2},"end":{"line":115,"column":61}},"53":{"start":{"line":116,"column":2},"end":{"line":116,"column":34}},"54":{"start":{"line":117,"column":15},"end":{"line":117,"column":24}},"55":{"start":{"line":120,"column":18},"end":{"line":120,"column":57}},"56":{"start":{"line":123,"column":22},"end":{"line":123,"column":32}},"57":{"start":{"line":124,"column":22},"end":{"line":124,"column":32}},"58":{"start":{"line":125,"column":17},"end":{"line":125,"column":25}},"59":{"start":{"line":126,"column":2},"end":{"line":130,"column":3}},"60":{"start":{"line":127,"column":4},"end":{"line":127,"column":60}},"61":{"start":{"line":128,"column":9},"end":{"line":130,"column":3}},"62":{"start":{"line":129,"column":4},"end":{"line":129,"column":62}},"63":{"start":{"line":133,"column":19},"end":{"line":140,"column":3}},"64":{"start":{"line":134,"column":18},"end":{"line":134,"column":45}},"65":{"start":{"line":135,"column":19},"end":{"line":135,"column":56}},"66":{"start":{"line":136,"column":19},"end":{"line":136,"column":44}},"67":{"start":{"line":137,"column":19},"end":{"line":137,"column":38}},"68":{"start":{"line":138,"column":19},"end":{"line":138,"column":44}},"69":{"start":{"line":139,"column":4},"end":{"line":139,"column":42}},"70":{"start":{"line":142,"column":13},"end":{"line":142,"column":24}},"71":{"start":{"line":143,"column":19},"end":{"line":143,"column":61}},"72":{"start":{"line":144,"column":13},"end":{"line":144,"column":31}},"73":{"start":{"line":145,"column":18},"end":{"line":145,"column":43}},"74":{"start":{"line":147,"column":14},"end":{"line":147,"column":43}},"75":{"start":{"line":148,"column":2},"end":{"line":151,"column":3}},"76":{"start":{"line":149,"column":4},"end":{"line":149,"column":14}},"77":{"start":{"line":150,"column":4},"end":{"line":150,"column":17}},"78":{"start":{"line":152,"column":2},"end":{"line":152,"column":29}},"79":{"start":{"line":154,"column":2},"end":{"line":163,"column":4}}},"fnMap":{"0":{"name":"airDensity","decl":{"start":{"line":14,"column":9},"end":{"line":14,"column":19}},"loc":{"start":{"line":14,"column":54},"end":{"line":20,"column":1}}},"1":{"name":"hydroplaneSpeed_mps","decl":{"start":{"line":22,"column":9},"end":{"line":22,"column":28}},"loc":{"start":{"line":22,"column":44},"end":{"line":25,"column":1}}},"2":{"name":"waterMuFactor","decl":{"start":{"line":27,"column":9},"end":{"line":27,"column":22}},"loc":{"start":{"line":27,"column":90},"end":{"line":34,"column":1}}},"3":{"name":"pickPhysParamsFromEnv","decl":{"start":{"line":36,"column":16},"end":{"line":36,"column":37}},"loc":{"start":{"line":48,"column":19},"end":{"line":86,"column":1}}},"4":{"name":"clamp","decl":{"start":{"line":89,"column":16},"end":{"line":89,"column":21}},"loc":{"start":{"line":89,"column":50},"end":{"line":89,"column":90}}},"5":{"name":"kph2mps","decl":{"start":{"line":90,"column":16},"end":{"line":90,"column":23}},"loc":{"start":{"line":90,"column":32},"end":{"line":90,"column":50}}},"6":{"name":"mps2mph","decl":{"start":{"line":91,"column":16},"end":{"line":91,"column":23}},"loc":{"start":{"line":91,"column":32},"end":{"line":91,"column":57}}},"7":{"name":"stepLongitudinal","decl":{"start":{"line":93,"column":16},"end":{"line":93,"column":32}},"loc":{"start":{"line":94,"column":74},"end":{"line":164,"column":1}}},"8":{"name":"(anonymous_8)","decl":{"start":{"line":133,"column":19},"end":{"line":133,"column":20}},"loc":{"start":{"line":133,"column":35},"end":{"line":140,"column":3}}}},"branchMap":{"0":{"loc":{"start":{"line":22,"column":29},"end":{"line":22,"column":44}},"type":"default-arg","locations":[{"start":{"line":22,"column":42},"end":{"line":22,"column":44}}]},"1":{"loc":{"start":{"line":27,"column":33},"end":{"line":27,"column":52}},"type":"default-arg","locations":[{"start":{"line":27,"column":51},"end":{"line":27,"column":52}}]},"2":{"loc":{"start":{"line":27,"column":54},"end":{"line":27,"column":69}},"type":"default-arg","locations":[{"start":{"line":27,"column":67},"end":{"line":27,"column":69}}]},"3":{"loc":{"start":{"line":27,"column":71},"end":{"line":27,"column":90}},"type":"default-arg","locations":[{"start":{"line":27,"column":89},"end":{"line":27,"column":90}}]},"4":{"loc":{"start":{"line":28,"column":2},"end":{"line":28,"column":32}},"type":"if","locations":[{"start":{"line":28,"column":2},"end":{"line":28,"column":32}},{"start":{},"end":{}}]},"5":{"loc":{"start":{"line":30,"column":2},"end":{"line":30,"column":28}},"type":"if","locations":[{"start":{"line":30,"column":2},"end":{"line":30,"column":28}},{"start":{},"end":{}}]},"6":{"loc":{"start":{"line":38,"column":2},"end":{"line":38,"column":30}},"type":"default-arg","locations":[{"start":{"line":38,"column":21},"end":{"line":38,"column":30}}]},"7":{"loc":{"start":{"line":39,"column":2},"end":{"line":39,"column":15}},"type":"default-arg","locations":[{"start":{"line":39,"column":14},"end":{"line":39,"column":15}}]},"8":{"loc":{"start":{"line":40,"column":2},"end":{"line":40,"column":16}},"type":"default-arg","locations":[{"start":{"line":40,"column":12},"end":{"line":40,"column":16}}]},"9":{"loc":{"start":{"line":41,"column":2},"end":{"line":41,"column":12}},"type":"default-arg","locations":[{"start":{"line":41,"column":8},"end":{"line":41,"column":12}}]},"10":{"loc":{"start":{"line":42,"column":2},"end":{"line":42,"column":15}},"type":"default-arg","locations":[{"start":{"line":42,"column":13},"end":{"line":42,"column":15}}]},"11":{"loc":{"start":{"line":43,"column":2},"end":{"line":43,"column":16}},"type":"default-arg","locations":[{"start":{"line":43,"column":15},"end":{"line":43,"column":16}}]},"12":{"loc":{"start":{"line":44,"column":2},"end":{"line":44,"column":24}},"type":"default-arg","locations":[{"start":{"line":44,"column":21},"end":{"line":44,"column":24}}]},"13":{"loc":{"start":{"line":45,"column":2},"end":{"line":45,"column":18}},"type":"default-arg","locations":[{"start":{"line":45,"column":17},"end":{"line":45,"column":18}}]},"14":{"loc":{"start":{"line":46,"column":2},"end":{"line":46,"column":18}},"type":"default-arg","locations":[{"start":{"line":46,"column":17},"end":{"line":46,"column":18}}]},"15":{"loc":{"start":{"line":47,"column":2},"end":{"line":47,"column":23}},"type":"default-arg","locations":[{"start":{"line":47,"column":21},"end":{"line":47,"column":23}}]},"16":{"loc":{"start":{"line":48,"column":2},"end":{"line":48,"column":19}},"type":"default-arg","locations":[{"start":{"line":48,"column":18},"end":{"line":48,"column":19}}]},"17":{"loc":{"start":{"line":55,"column":2},"end":{"line":57,"column":42}},"type":"if","locations":[{"start":{"line":55,"column":2},"end":{"line":57,"column":42}},{"start":{"line":56,"column":7},"end":{"line":57,"column":42}}]},"18":{"loc":{"start":{"line":56,"column":7},"end":{"line":57,"column":42}},"type":"if","locations":[{"start":{"line":56,"column":7},"end":{"line":57,"column":42}},{"start":{"line":57,"column":7},"end":{"line":57,"column":42}}]},"19":{"loc":{"start":{"line":56,"column":42},"end":{"line":56,"column":72}},"type":"cond-expr","locations":[{"start":{"line":56,"column":62},"end":{"line":56,"column":65}},{"start":{"line":56,"column":68},"end":{"line":56,"column":72}}]},"20":{"loc":{"start":{"line":57,"column":7},"end":{"line":57,"column":42}},"type":"if","locations":[{"start":{"line":57,"column":7},"end":{"line":57,"column":42}},{"start":{},"end":{}}]},"21":{"loc":{"start":{"line":64,"column":2},"end":{"line":64,"column":41}},"type":"if","locations":[{"start":{"line":64,"column":2},"end":{"line":64,"column":41}},{"start":{},"end":{}}]},"22":{"loc":{"start":{"line":66,"column":23},"end":{"line":66,"column":60}},"type":"cond-expr","locations":[{"start":{"line":66,"column":49},"end":{"line":66,"column":53}},{"start":{"line":66,"column":56},"end":{"line":66,"column":60}}]},"23":{"loc":{"start":{"line":81,"column":18},"end":{"line":81,"column":35}},"type":"binary-expr","locations":[{"start":{"line":81,"column":18},"end":{"line":81,"column":30}},{"start":{"line":81,"column":34},"end":{"line":81,"column":35}}]},"24":{"loc":{"start":{"line":82,"column":18},"end":{"line":82,"column":35}},"type":"binary-expr","locations":[{"start":{"line":82,"column":18},"end":{"line":82,"column":30}},{"start":{"line":82,"column":34},"end":{"line":82,"column":35}}]},"25":{"loc":{"start":{"line":83,"column":22},"end":{"line":83,"column":44}},"type":"binary-expr","locations":[{"start":{"line":83,"column":22},"end":{"line":83,"column":38}},{"start":{"line":83,"column":42},"end":{"line":83,"column":44}}]},"26":{"loc":{"start":{"line":84,"column":19},"end":{"line":84,"column":37}},"type":"binary-expr","locations":[{"start":{"line":84,"column":19},"end":{"line":84,"column":32}},{"start":{"line":84,"column":36},"end":{"line":84,"column":37}}]},"27":{"loc":{"start":{"line":98,"column":29},"end":{"line":98,"column":62}},"type":"cond-expr","locations":[{"start":{"line":98,"column":52},"end":{"line":98,"column":55}},{"start":{"line":98,"column":58},"end":{"line":98,"column":62}}]},"28":{"loc":{"start":{"line":99,"column":17},"end":{"line":99,"column":55}},"type":"cond-expr","locations":[{"start":{"line":99,"column":42},"end":{"line":99,"column":47}},{"start":{"line":99,"column":50},"end":{"line":99,"column":55}}]},"29":{"loc":{"start":{"line":100,"column":17},"end":{"line":100,"column":54}},"type":"cond-expr","locations":[{"start":{"line":100,"column":42},"end":{"line":100,"column":47}},{"start":{"line":100,"column":50},"end":{"line":100,"column":54}}]},"30":{"loc":{"start":{"line":101,"column":17},"end":{"line":101,"column":55}},"type":"cond-expr","locations":[{"start":{"line":101,"column":42},"end":{"line":101,"column":47}},{"start":{"line":101,"column":50},"end":{"line":101,"column":55}}]},"31":{"loc":{"start":{"line":102,"column":17},"end":{"line":102,"column":55}},"type":"cond-expr","locations":[{"start":{"line":102,"column":44},"end":{"line":102,"column":51}},{"start":{"line":102,"column":54},"end":{"line":102,"column":55}}]},"32":{"loc":{"start":{"line":103,"column":17},"end":{"line":103,"column":54}},"type":"cond-expr","locations":[{"start":{"line":103,"column":42},"end":{"line":103,"column":47}},{"start":{"line":103,"column":50},"end":{"line":103,"column":54}}]},"33":{"loc":{"start":{"line":104,"column":17},"end":{"line":104,"column":71}},"type":"cond-expr","locations":[{"start":{"line":104,"column":51},"end":{"line":104,"column":65}},{"start":{"line":104,"column":68},"end":{"line":104,"column":71}}]},"34":{"loc":{"start":{"line":105,"column":17},"end":{"line":105,"column":68}},"type":"cond-expr","locations":[{"start":{"line":105,"column":49},"end":{"line":105,"column":61}},{"start":{"line":105,"column":64},"end":{"line":105,"column":68}}]},"35":{"loc":{"start":{"line":106,"column":29},"end":{"line":106,"column":66}},"type":"cond-expr","locations":[{"start":{"line":106,"column":55},"end":{"line":106,"column":61}},{"start":{"line":106,"column":64},"end":{"line":106,"column":66}}]},"36":{"loc":{"start":{"line":108,"column":25},"end":{"line":108,"column":77}},"type":"cond-expr","locations":[{"start":{"line":108,"column":59},"end":{"line":108,"column":73}},{"start":{"line":108,"column":76},"end":{"line":108,"column":77}}]},"37":{"loc":{"start":{"line":109,"column":25},"end":{"line":109,"column":77}},"type":"cond-expr","locations":[{"start":{"line":109,"column":59},"end":{"line":109,"column":73}},{"start":{"line":109,"column":76},"end":{"line":109,"column":77}}]},"38":{"loc":{"start":{"line":110,"column":25},"end":{"line":110,"column":86}},"type":"cond-expr","locations":[{"start":{"line":110,"column":63},"end":{"line":110,"column":81}},{"start":{"line":110,"column":84},"end":{"line":110,"column":86}}]},"39":{"loc":{"start":{"line":111,"column":25},"end":{"line":111,"column":79}},"type":"cond-expr","locations":[{"start":{"line":111,"column":60},"end":{"line":111,"column":75}},{"start":{"line":111,"column":78},"end":{"line":111,"column":79}}]},"40":{"loc":{"start":{"line":120,"column":18},"end":{"line":120,"column":57}},"type":"cond-expr","locations":[{"start":{"line":120,"column":28},"end":{"line":120,"column":53}},{"start":{"line":120,"column":56},"end":{"line":120,"column":57}}]},"41":{"loc":{"start":{"line":126,"column":2},"end":{"line":130,"column":3}},"type":"if","locations":[{"start":{"line":126,"column":2},"end":{"line":130,"column":3}},{"start":{"line":128,"column":9},"end":{"line":130,"column":3}}]},"42":{"loc":{"start":{"line":128,"column":9},"end":{"line":130,"column":3}},"type":"if","locations":[{"start":{"line":128,"column":9},"end":{"line":130,"column":3}},{"start":{},"end":{}}]},"43":{"loc":{"start":{"line":148,"column":2},"end":{"line":151,"column":3}},"type":"if","locations":[{"start":{"line":148,"column":2},"end":{"line":151,"column":3}},{"start":{},"end":{}}]},"44":{"loc":{"start":{"line":148,"column":6},"end":{"line":148,"column":46}},"type":"binary-expr","locations":[{"start":{"line":148,"column":6},"end":{"line":148,"column":18}},{"start":{"line":148,"column":22},"end":{"line":148,"column":46}}]}},"s":{"0":2,"1":2,"2":2,"3":2,"4":2,"5":12,"6":12,"7":12,"8":12,"9":12,"10":0,"11":8,"12":8,"13":0,"14":0,"15":0,"16":0,"17":0,"18":0,"19":12,"20":12,"21":12,"22":2,"23":10,"24":0,"25":10,"26":0,"27":12,"28":12,"29":12,"30":2,"31":12,"32":12,"33":12,"34":22,"35":2,"36":4,"37":8,"38":8,"39":8,"40":8,"41":8,"42":8,"43":8,"44":8,"45":8,"46":8,"47":8,"48":8,"49":8,"50":8,"51":8,"52":8,"53":8,"54":8,"55":8,"56":8,"57":8,"58":8,"59":8,"60":4,"61":4,"62":0,"63":8,"64":16,"65":16,"66":16,"67":16,"68":16,"69":16,"70":8,"71":8,"72":8,"73":8,"74":8,"75":8,"76":2,"77":2,"78":8,"79":8},"f":{"0":12,"1":0,"2":8,"3":12,"4":22,"5":2,"6":4,"7":8,"8":16},"b":{"0":[0],"1":[0],"2":[0],"3":[0],"4":[8,0],"5":[0,0],"6":[0],"7":[12],"8":[12],"9":[12],"10":[12],"11":[12],"12":[12],"13":[12],"14":[12],"15":[12],"16":[12],"17":[2,10],"18":[0,10],"19":[0,0],"20":[0,10],"21":[2,10],"22":[2,10],"23":[12,0],"24":[12,0],"25":[12,0],"26":[12,0],"27":[8,0],"28":[8,0],"29":[8,0],"30":[8,0],"31":[8,0],"32":[8,0],"33":[8,0],"34":[8,0],"35":[8,0],"36":[8,0],"37":[8,0],"38":[8,0],"39":[8,0],"40":[4,4],"41":[4,4],"42":[0,4],"43":[2,6],"44":[8,2]}}
}
