TN:
SF:src/LoginPage/ForgotPasswordForm.jsx
FN:6,(anonymous_0)
FN:10,(anonymous_1)
FN:56,(anonymous_2)
FN:67,(anonymous_3)
FNF:4
FNH:3
FNDA:7,(anonymous_0)
FNDA:3,(anonymous_1)
FNDA:3,(anonymous_2)
FNDA:0,(anonymous_3)
DA:6,1
DA:7,7
DA:8,7
DA:10,7
DA:11,3
DA:12,3
DA:13,3
DA:20,2
DA:22,2
DA:23,1
DA:24,1
DA:26,1
DA:29,1
DA:30,1
DA:34,7
DA:56,3
DA:67,0
LF:17
LH:16
BRDA:22,0,0,1
BRDA:22,0,1,1
BRF:2
BRH:2
end_of_record
TN:
SF:src/LoginPage/LoginForm.jsx
FN:7,(anonymous_0)
FN:19,(anonymous_1)
FN:24,(anonymous_2)
FN:82,(anonymous_3)
FN:92,(anonymous_4)
FN:101,(anonymous_5)
FN:102,(anonymous_6)
FNF:7
FNH:7
FNDA:13,(anonymous_0)
FNDA:13,(anonymous_1)
FNDA:3,(anonymous_2)
FNDA:3,(anonymous_3)
FNDA:3,(anonymous_4)
FNDA:1,(anonymous_5)
FNDA:1,(anonymous_6)
DA:7,1
DA:9,13
DA:10,13
DA:11,13
DA:14,13
DA:19,13
DA:20,13
DA:22,13
DA:24,13
DA:25,3
DA:27,3
DA:28,3
DA:43,2
DA:46,2
DA:48,1
DA:50,1
DA:52,0
DA:53,0
DA:56,1
DA:57,1
DA:59,1
DA:60,1
DA:62,1
DA:65,1
DA:66,1
DA:70,13
DA:82,3
DA:92,3
DA:101,1
DA:102,1
LF:30
LH:28
BRDA:20,0,0,13
BRDA:20,0,1,13
BRDA:20,0,2,12
BRDA:46,1,0,1
BRDA:46,1,1,1
BRDA:50,2,0,0
BRDA:50,2,1,1
BRDA:62,3,0,1
BRDA:62,3,1,0
BRF:9
BRH:7
end_of_record
TN:
SF:src/LoginPage/ResetPasswordPage.jsx
FN:7,(anonymous_0)
FN:17,(anonymous_1)
FN:58,(anonymous_2)
FN:65,(anonymous_3)
FNF:4
FNH:4
FNDA:13,(anonymous_0)
FNDA:4,(anonymous_1)
FNDA:4,(anonymous_2)
FNDA:4,(anonymous_3)
DA:7,1
DA:8,13
DA:9,13
DA:10,13
DA:13,13
DA:15,13
DA:17,13
DA:18,4
DA:21,4
DA:22,1
DA:23,1
DA:27,3
DA:28,3
DA:36,2
DA:38,2
DA:39,1
DA:40,1
DA:42,1
DA:45,1
DA:49,13
DA:58,4
DA:65,4
LF:22
LH:22
BRDA:21,0,0,1
BRDA:21,0,1,3
BRDA:38,1,0,1
BRDA:38,1,1,1
BRF:4
BRH:4
end_of_record
TN:
SF:src/LoginPage/SignUpForm.jsx
FN:7,(anonymous_0)
FN:13,(anonymous_1)
FN:60,(anonymous_2)
FN:71,(anonymous_3)
FN:82,(anonymous_4)
FN:93,(anonymous_5)
FNF:6
FNH:6
FNDA:22,(anonymous_0)
FNDA:5,(anonymous_1)
FNDA:5,(anonymous_2)
FNDA:5,(anonymous_3)
FNDA:5,(anonymous_4)
FNDA:1,(anonymous_5)
DA:7,1
DA:8,22
DA:9,22
DA:10,22
DA:11,22
DA:13,22
DA:14,5
DA:16,5
DA:17,1
DA:18,1
DA:21,4
DA:23,4
DA:25,4
DA:33,3
DA:35,3
DA:36,1
DA:37,1
DA:38,2
DA:39,1
DA:41,1
DA:44,1
DA:45,1
DA:49,22
DA:60,5
DA:71,5
DA:82,5
DA:93,1
LF:27
LH:27
BRDA:16,0,0,1
BRDA:16,0,1,4
BRDA:35,1,0,1
BRDA:35,1,1,2
BRDA:38,2,0,1
BRDA:38,2,1,1
BRF:6
BRH:6
end_of_record
TN:
SF:src/simulator/physics.ts
FN:14,airDensity
FN:22,hydroplaneSpeed_mps
FN:27,waterMuFactor
FN:36,pickPhysParamsFromEnv
FN:89,clamp
FN:90,kph2mps
FN:91,mps2mph
FN:93,stepLongitudinal
FN:133,(anonymous_8)
FNF:9
FNH:8
FNDA:12,airDensity
FNDA:0,hydroplaneSpeed_mps
FNDA:8,waterMuFactor
FNDA:12,pickPhysParamsFromEnv
FNDA:22,clamp
FNDA:2,kph2mps
FNDA:4,mps2mph
FNDA:8,stepLongitudinal
FNDA:16,(anonymous_8)
DA:15,12
DA:16,12
DA:17,12
DA:18,12
DA:19,12
DA:24,0
DA:28,8
DA:29,0
DA:30,0
DA:31,0
DA:32,0
DA:33,0
DA:36,2
DA:51,12
DA:54,12
DA:55,12
DA:56,10
DA:57,10
DA:60,12
DA:63,12
DA:64,12
DA:66,12
DA:69,12
DA:71,12
DA:89,22
DA:90,2
DA:91,4
DA:93,2
DA:96,8
DA:98,8
DA:99,8
DA:100,8
DA:101,8
DA:102,8
DA:103,8
DA:104,8
DA:105,8
DA:106,8
DA:108,8
DA:109,8
DA:110,8
DA:111,8
DA:114,8
DA:115,8
DA:116,8
DA:117,8
DA:120,8
DA:123,8
DA:124,8
DA:125,8
DA:126,8
DA:127,4
DA:128,4
DA:129,0
DA:133,8
DA:134,16
DA:135,16
DA:136,16
DA:137,16
DA:138,16
DA:139,16
DA:142,8
DA:143,8
DA:144,8
DA:145,8
DA:147,8
DA:148,8
DA:149,2
DA:150,2
DA:152,8
DA:154,8
LF:71
LH:64
BRDA:22,0,0,0
BRDA:27,1,0,0
BRDA:27,2,0,0
BRDA:27,3,0,0
BRDA:28,4,0,8
BRDA:28,4,1,0
BRDA:30,5,0,0
BRDA:30,5,1,0
BRDA:38,6,0,0
BRDA:39,7,0,12
BRDA:40,8,0,12
BRDA:41,9,0,12
BRDA:42,10,0,12
BRDA:43,11,0,12
BRDA:44,12,0,12
BRDA:45,13,0,12
BRDA:46,14,0,12
BRDA:47,15,0,12
BRDA:48,16,0,12
BRDA:55,17,0,2
BRDA:55,17,1,10
BRDA:56,18,0,0
BRDA:56,18,1,10
BRDA:56,19,0,0
BRDA:56,19,1,0
BRDA:57,20,0,0
BRDA:57,20,1,10
BRDA:64,21,0,2
BRDA:64,21,1,10
BRDA:66,22,0,2
BRDA:66,22,1,10
BRDA:81,23,0,12
BRDA:81,23,1,0
BRDA:82,24,0,12
BRDA:82,24,1,0
BRDA:83,25,0,12
BRDA:83,25,1,0
BRDA:84,26,0,12
BRDA:84,26,1,0
BRDA:98,27,0,8
BRDA:98,27,1,0
BRDA:99,28,0,8
BRDA:99,28,1,0
BRDA:100,29,0,8
BRDA:100,29,1,0
BRDA:101,30,0,8
BRDA:101,30,1,0
BRDA:102,31,0,8
BRDA:102,31,1,0
BRDA:103,32,0,8
BRDA:103,32,1,0
BRDA:104,33,0,8
BRDA:104,33,1,0
BRDA:105,34,0,8
BRDA:105,34,1,0
BRDA:106,35,0,8
BRDA:106,35,1,0
BRDA:108,36,0,8
BRDA:108,36,1,0
BRDA:109,37,0,8
BRDA:109,37,1,0
BRDA:110,38,0,8
BRDA:110,38,1,0
BRDA:111,39,0,8
BRDA:111,39,1,0
BRDA:120,40,0,4
BRDA:120,40,1,4
BRDA:126,41,0,4
BRDA:126,41,1,4
BRDA:128,42,0,0
BRDA:128,42,1,4
BRDA:148,43,0,2
BRDA:148,43,1,6
BRDA:148,44,0,8
BRDA:148,44,1,2
BRF:75
BRH:45
end_of_record
